CRITICAL - 2025-08-21 22:44:13 --> Error: Call to protected method App\Services\QRCodeService::generateQRCode() from scope App\Controllers\PengirimanController
[Method: GET, Route: pengiriman/qr/KRM20160820001]
in APPPATH\Controllers\PengirimanController.php on line 535.
 1 SYSTEMPATH\CodeIgniter.php(933): App\Controllers\PengirimanController->generateQR('KRM20160820001')
 2 SYSTEMPATH\CodeIgniter.php(507): CodeIgniter\CodeIgniter->runController(Object(App\Controllers\PengirimanController))
 3 SYSTEMPATH\CodeIgniter.php(354): CodeIgniter\CodeIgniter->handleRequest(null, Object(Config\Cache), false)
 4 SYSTEMPATH\Boot.php(363): CodeIgniter\CodeIgniter->run()
 5 SYSTEMPATH\Boot.php(68): CodeIgniter\Boot::runCodeIgniter(Object(CodeIgniter\CodeIgniter))
 6 FCPATH\index.php(59): CodeIgniter\Boot::bootWeb(Object(Config\Paths))
CRITICAL - 2025-08-21 22:49:43 --> TypeError: App\Services\QRCodeService::generateQRCode(): Argument #2 ($identifier) must be of type string, array given, called in E:\laragon\www\PuninarLogistic\app\Controllers\PengirimanController.php on line 535
[Method: GET, Route: pengiriman/qr/KRM20160820001]
in APPPATH\Services\QRCodeService.php on line 75.
 1 APPPATH\Controllers\PengirimanController.php(535): App\Services\QRCodeService->generateQRCode('http://puninarlogistic.test/track/KRM20160820001', [...])
 2 SYSTEMPATH\CodeIgniter.php(933): App\Controllers\PengirimanController->generateQR('KRM20160820001')
 3 SYSTEMPATH\CodeIgniter.php(507): CodeIgniter\CodeIgniter->runController(Object(App\Controllers\PengirimanController))
 4 SYSTEMPATH\CodeIgniter.php(354): CodeIgniter\CodeIgniter->handleRequest(null, Object(Config\Cache), false)
 5 SYSTEMPATH\Boot.php(363): CodeIgniter\CodeIgniter->run()
 6 SYSTEMPATH\Boot.php(68): CodeIgniter\Boot::runCodeIgniter(Object(CodeIgniter\CodeIgniter))
 7 FCPATH\index.php(59): CodeIgniter\Boot::bootWeb(Object(Config\Paths))
CRITICAL - 2025-08-21 23:00:08 --> TypeError: Endroid\QrCode\QrCode::setErrorCorrectionLevel(): Argument #1 ($errorCorrectionLevel) must be of type Endroid\QrCode\ErrorCorrectionLevel, string given, called in E:\laragon\www\PuninarLogistic\app\Services\QRCodeService.php on line 104
[Method: GET, Route: pengiriman/qr/KRM20160820001]
in VENDORPATH\endroid\qr-code\src\QrCode.php on line 60.
 1 APPPATH\Services\QRCodeService.php(104): Endroid\QrCode\QrCode->setErrorCorrectionLevel('MEDIUM')
 2 APPPATH\Services\QRCodeService.php(81): App\Services\QRCodeService->generateWithEndroid('http://puninarlogistic.test/track/KRM20160820001', 'E:\\laragon\\www\\PuninarLogistic\\writable\\uploads/qrcodes/qr_KRM20160820001_{20250821230008}.png', [...])
 3 APPPATH\Controllers\PengirimanController.php(542): App\Services\QRCodeService->generateQRCode('http://puninarlogistic.test/track/KRM20160820001', 'KRM20160820001', [...])
 4 SYSTEMPATH\CodeIgniter.php(933): App\Controllers\PengirimanController->generateQR('KRM20160820001')
 5 SYSTEMPATH\CodeIgniter.php(507): CodeIgniter\CodeIgniter->runController(Object(App\Controllers\PengirimanController))
 6 SYSTEMPATH\CodeIgniter.php(354): CodeIgniter\CodeIgniter->handleRequest(null, Object(Config\Cache), false)
 7 SYSTEMPATH\Boot.php(363): CodeIgniter\CodeIgniter->run()
 8 SYSTEMPATH\Boot.php(68): CodeIgniter\Boot::runCodeIgniter(Object(CodeIgniter\CodeIgniter))
 9 FCPATH\index.php(59): CodeIgniter\Boot::bootWeb(Object(Config\Paths))
CRITICAL - 2025-08-21 23:07:04 --> Error: Class "App\Services\ErrorCorrectionLevel" not found
[Method: GET, Route: pengiriman/qr/KRM20160820001]
in APPPATH\Services\QRCodeService.php on line 321.
 1 APPPATH\Services\QRCodeService.php(104): App\Services\QRCodeService->getErrorCorrectionLevel('M')
 2 APPPATH\Services\QRCodeService.php(81): App\Services\QRCodeService->generateWithEndroid('http://puninarlogistic.test/track/KRM20160820001', 'E:\\laragon\\www\\PuninarLogistic\\writable\\uploads/qrcodes/qr_KRM20160820001_{20250821230704}.png', [...])
 3 APPPATH\Controllers\PengirimanController.php(542): App\Services\QRCodeService->generateQRCode('http://puninarlogistic.test/track/KRM20160820001', 'KRM20160820001', [...])
 4 SYSTEMPATH\CodeIgniter.php(933): App\Controllers\PengirimanController->generateQR('KRM20160820001')
 5 SYSTEMPATH\CodeIgniter.php(507): CodeIgniter\CodeIgniter->runController(Object(App\Controllers\PengirimanController))
 6 SYSTEMPATH\CodeIgniter.php(354): CodeIgniter\CodeIgniter->handleRequest(null, Object(Config\Cache), false)
 7 SYSTEMPATH\Boot.php(363): CodeIgniter\CodeIgniter->run()
 8 SYSTEMPATH\Boot.php(68): CodeIgniter\Boot::runCodeIgniter(Object(CodeIgniter\CodeIgniter))
 9 FCPATH\index.php(59): CodeIgniter\Boot::bootWeb(Object(Config\Paths))
CRITICAL - 2025-08-21 23:09:59 --> Error: Call to undefined method App\Services\PengirimanService::getShipmentWithDetails()
[Method: GET, Route: pengiriman/detail/KRM20160820001]
in APPPATH\Controllers\PengirimanController.php on line 380.
 1 SYSTEMPATH\CodeIgniter.php(933): App\Controllers\PengirimanController->detail('KRM20160820001')
 2 SYSTEMPATH\CodeIgniter.php(507): CodeIgniter\CodeIgniter->runController(Object(App\Controllers\PengirimanController))
 3 SYSTEMPATH\CodeIgniter.php(354): CodeIgniter\CodeIgniter->handleRequest(null, Object(Config\Cache), false)
 4 SYSTEMPATH\Boot.php(363): CodeIgniter\CodeIgniter->run()
 5 SYSTEMPATH\Boot.php(68): CodeIgniter\Boot::runCodeIgniter(Object(CodeIgniter\CodeIgniter))
 6 FCPATH\index.php(59): CodeIgniter\Boot::bootWeb(Object(Config\Paths))
CRITICAL - 2025-08-21 23:47:17 --> Error: Call to undefined method App\Services\PengirimanService::getShipmentWithDetails()
[Method: GET, Route: pengiriman/delivery-note/KRM20160820001]
in APPPATH\Controllers\PengirimanController.php on line 495.
 1 SYSTEMPATH\CodeIgniter.php(933): App\Controllers\PengirimanController->deliveryNote('KRM20160820001')
 2 SYSTEMPATH\CodeIgniter.php(507): CodeIgniter\CodeIgniter->runController(Object(App\Controllers\PengirimanController))
 3 SYSTEMPATH\CodeIgniter.php(354): CodeIgniter\CodeIgniter->handleRequest(null, Object(Config\Cache), false)
 4 SYSTEMPATH\Boot.php(363): CodeIgniter\CodeIgniter->run()
 5 SYSTEMPATH\Boot.php(68): CodeIgniter\Boot::runCodeIgniter(Object(CodeIgniter\CodeIgniter))
 6 FCPATH\index.php(59): CodeIgniter\Boot::bootWeb(Object(Config\Paths))
CRITICAL - 2025-08-21 23:47:29 --> Error: Call to undefined method App\Services\PengirimanService::getShipmentWithDetails()
[Method: GET, Route: pengiriman/delivery-note/KRM20160820001]
in APPPATH\Controllers\PengirimanController.php on line 495.
 1 SYSTEMPATH\CodeIgniter.php(933): App\Controllers\PengirimanController->deliveryNote('KRM20160820001')
 2 SYSTEMPATH\CodeIgniter.php(507): CodeIgniter\CodeIgniter->runController(Object(App\Controllers\PengirimanController))
 3 SYSTEMPATH\CodeIgniter.php(354): CodeIgniter\CodeIgniter->handleRequest(null, Object(Config\Cache), false)
 4 SYSTEMPATH\Boot.php(363): CodeIgniter\CodeIgniter->run()
 5 SYSTEMPATH\Boot.php(68): CodeIgniter\Boot::runCodeIgniter(Object(CodeIgniter\CodeIgniter))
 6 FCPATH\index.php(59): CodeIgniter\Boot::bootWeb(Object(Config\Paths))
CRITICAL - 2025-08-21 23:47:38 --> Error: Call to undefined method App\Services\PengirimanService::getShipmentWithDetails()
[Method: GET, Route: pengiriman/track/KRM20160820001]
in APPPATH\Controllers\PengirimanController.php on line 572.
 1 SYSTEMPATH\CodeIgniter.php(933): App\Controllers\PengirimanController->track('KRM20160820001')
 2 SYSTEMPATH\CodeIgniter.php(507): CodeIgniter\CodeIgniter->runController(Object(App\Controllers\PengirimanController))
 3 SYSTEMPATH\CodeIgniter.php(354): CodeIgniter\CodeIgniter->handleRequest(null, Object(Config\Cache), false)
 4 SYSTEMPATH\Boot.php(363): CodeIgniter\CodeIgniter->run()
 5 SYSTEMPATH\Boot.php(68): CodeIgniter\Boot::runCodeIgniter(Object(CodeIgniter\CodeIgniter))
 6 FCPATH\index.php(59): CodeIgniter\Boot::bootWeb(Object(Config\Paths))
CRITICAL - 2025-08-21 23:50:36 --> Error: Call to undefined method App\Services\PengirimanService::getShipmentWithDetails()
[Method: GET, Route: pengiriman/delivery-note/KRM20160820001]
in APPPATH\Controllers\PengirimanController.php on line 495.
 1 SYSTEMPATH\CodeIgniter.php(933): App\Controllers\PengirimanController->deliveryNote('KRM20160820001')
 2 SYSTEMPATH\CodeIgniter.php(507): CodeIgniter\CodeIgniter->runController(Object(App\Controllers\PengirimanController))
 3 SYSTEMPATH\CodeIgniter.php(354): CodeIgniter\CodeIgniter->handleRequest(null, Object(Config\Cache), false)
 4 SYSTEMPATH\Boot.php(363): CodeIgniter\CodeIgniter->run()
 5 SYSTEMPATH\Boot.php(68): CodeIgniter\Boot::runCodeIgniter(Object(CodeIgniter\CodeIgniter))
 6 FCPATH\index.php(59): CodeIgniter\Boot::bootWeb(Object(Config\Paths))
CRITICAL - 2025-08-21 23:51:34 --> Error: Call to undefined method App\Services\PengirimanService::getShipmentWithDetails()
[Method: GET, Route: pengiriman/delivery-note/KRM20160820001]
in APPPATH\Controllers\PengirimanController.php on line 495.
 1 SYSTEMPATH\CodeIgniter.php(933): App\Controllers\PengirimanController->deliveryNote('KRM20160820001')
 2 SYSTEMPATH\CodeIgniter.php(507): CodeIgniter\CodeIgniter->runController(Object(App\Controllers\PengirimanController))
 3 SYSTEMPATH\CodeIgniter.php(354): CodeIgniter\CodeIgniter->handleRequest(null, Object(Config\Cache), false)
 4 SYSTEMPATH\Boot.php(363): CodeIgniter\CodeIgniter->run()
 5 SYSTEMPATH\Boot.php(68): CodeIgniter\Boot::runCodeIgniter(Object(CodeIgniter\CodeIgniter))
 6 FCPATH\index.php(59): CodeIgniter\Boot::bootWeb(Object(Config\Paths))
CRITICAL - 2025-08-21 23:51:52 --> Error: Call to undefined method App\Services\PengirimanService::getShipmentWithDetails()
[Method: GET, Route: pengiriman/track/KRM20160820001]
in APPPATH\Controllers\PengirimanController.php on line 572.
 1 SYSTEMPATH\CodeIgniter.php(933): App\Controllers\PengirimanController->track('KRM20160820001')
 2 SYSTEMPATH\CodeIgniter.php(507): CodeIgniter\CodeIgniter->runController(Object(App\Controllers\PengirimanController))
 3 SYSTEMPATH\CodeIgniter.php(354): CodeIgniter\CodeIgniter->handleRequest(null, Object(Config\Cache), false)
 4 SYSTEMPATH\Boot.php(363): CodeIgniter\CodeIgniter->run()
 5 SYSTEMPATH\Boot.php(68): CodeIgniter\Boot::runCodeIgniter(Object(CodeIgniter\CodeIgniter))
 6 FCPATH\index.php(59): CodeIgniter\Boot::bootWeb(Object(Config\Paths))
CRITICAL - 2025-08-21 23:52:26 --> Error: Call to undefined method App\Services\PengirimanService::getShipmentWithDetails()
[Method: GET, Route: pengiriman/track/KRM20160820001]
in APPPATH\Controllers\PengirimanController.php on line 572.
 1 SYSTEMPATH\CodeIgniter.php(933): App\Controllers\PengirimanController->track('KRM20160820001')
 2 SYSTEMPATH\CodeIgniter.php(507): CodeIgniter\CodeIgniter->runController(Object(App\Controllers\PengirimanController))
 3 SYSTEMPATH\CodeIgniter.php(354): CodeIgniter\CodeIgniter->handleRequest(null, Object(Config\Cache), false)
 4 SYSTEMPATH\Boot.php(363): CodeIgniter\CodeIgniter->run()
 5 SYSTEMPATH\Boot.php(68): CodeIgniter\Boot::runCodeIgniter(Object(CodeIgniter\CodeIgniter))
 6 FCPATH\index.php(59): CodeIgniter\Boot::bootWeb(Object(Config\Paths))
CRITICAL - 2025-08-21 23:55:33 --> ErrorException: Cannot redeclare App\Controllers\PengirimanController::deliveryNote()
[Method: GET, Route: pengiriman/detail/KRM20160820001]
in APPPATH\Controllers\PengirimanController.php on line 488.
 1 [internal function]: CodeIgniter\Debug\Exceptions->shutdownHandler()
CRITICAL - 2025-08-21 23:55:36 --> ErrorException: Cannot redeclare App\Controllers\PengirimanController::deliveryNote()
[Method: GET, Route: pengiriman]
in APPPATH\Controllers\PengirimanController.php on line 488.
 1 [internal function]: CodeIgniter\Debug\Exceptions->shutdownHandler()
CRITICAL - 2025-08-21 23:55:47 --> ErrorException: Cannot redeclare App\Controllers\PengirimanController::deliveryNote()
[Method: GET, Route: pengiriman]
in APPPATH\Controllers\PengirimanController.php on line 488.
 1 [internal function]: CodeIgniter\Debug\Exceptions->shutdownHandler()
CRITICAL - 2025-08-21 23:56:13 --> ErrorException: Cannot redeclare App\Controllers\PengirimanController::deliveryNote()
[Method: GET, Route: pengiriman]
in APPPATH\Controllers\PengirimanController.php on line 488.
 1 [internal function]: CodeIgniter\Debug\Exceptions->shutdownHandler()
CRITICAL - 2025-08-21 23:56:14 --> ErrorException: Cannot redeclare App\Controllers\PengirimanController::deliveryNote()
[Method: GET, Route: pengiriman]
in APPPATH\Controllers\PengirimanController.php on line 488.
 1 [internal function]: CodeIgniter\Debug\Exceptions->shutdownHandler()
CRITICAL - 2025-08-21 23:56:15 --> ErrorException: Cannot redeclare App\Controllers\PengirimanController::deliveryNote()
[Method: GET, Route: pengiriman]
in APPPATH\Controllers\PengirimanController.php on line 488.
 1 [internal function]: CodeIgniter\Debug\Exceptions->shutdownHandler()
CRITICAL - 2025-08-21 23:57:41 --> ErrorException: Cannot redeclare App\Controllers\PengirimanController::deliveryNote()
[Method: GET, Route: pengiriman]
in APPPATH\Controllers\PengirimanController.php on line 488.
 1 [internal function]: CodeIgniter\Debug\Exceptions->shutdownHandler()
