CRITICAL - 2025-08-23 00:39:43 --> Error: Call to undefined method App\Services\PengirimanService::getShipmentWithDetails()
[Method: GET, Route: pengiriman/track/KRM20160820001]
in APPPATH\Controllers\PengirimanController.php on line 547.
 1 SYSTEMPATH\CodeIgniter.php(933): App\Controllers\PengirimanController->track('KRM20160820001')
 2 SYSTEMPATH\CodeIgniter.php(507): CodeIgniter\CodeIgniter->runController(Object(App\Controllers\PengirimanController))
 3 SYSTEMPATH\CodeIgniter.php(354): CodeIgniter\CodeIgniter->handleRequest(null, Object(Config\Cache), false)
 4 SYSTEMPATH\Boot.php(363): CodeIgniter\CodeIgniter->run()
 5 SYSTEMPATH\Boot.php(68): CodeIgniter\Boot::runCodeIgniter(Object(CodeIgniter\CodeIgniter))
 6 FCPATH\index.php(59): CodeIgniter\Boot::bootWeb(Object(Config\Paths))
CRITICAL - 2025-08-23 00:40:07 --> Error: Call to undefined method App\Services\PengirimanService::getShipmentWithDetails()
[Method: GET, Route: pengiriman/track/KRM20160820001]
in APPPATH\Controllers\PengirimanController.php on line 547.
 1 SYSTEMPATH\CodeIgniter.php(933): App\Controllers\PengirimanController->track('KRM20160820001')
 2 SYSTEMPATH\CodeIgniter.php(507): CodeIgniter\CodeIgniter->runController(Object(App\Controllers\PengirimanController))
 3 SYSTEMPATH\CodeIgniter.php(354): CodeIgniter\CodeIgniter->handleRequest(null, Object(Config\Cache), false)
 4 SYSTEMPATH\Boot.php(363): CodeIgniter\CodeIgniter->run()
 5 SYSTEMPATH\Boot.php(68): CodeIgniter\Boot::runCodeIgniter(Object(CodeIgniter\CodeIgniter))
 6 FCPATH\index.php(59): CodeIgniter\Boot::bootWeb(Object(Config\Paths))
CRITICAL - 2025-08-23 00:52:13 --> Error: Call to undefined method App\Services\PengirimanService::getShipmentWithDetails()
[Method: GET, Route: pengiriman/track/KRM20160820001]
in APPPATH\Controllers\PengirimanController.php on line 547.
 1 SYSTEMPATH\CodeIgniter.php(933): App\Controllers\PengirimanController->track('KRM20160820001')
 2 SYSTEMPATH\CodeIgniter.php(507): CodeIgniter\CodeIgniter->runController(Object(App\Controllers\PengirimanController))
 3 SYSTEMPATH\CodeIgniter.php(354): CodeIgniter\CodeIgniter->handleRequest(null, Object(Config\Cache), false)
 4 SYSTEMPATH\Boot.php(363): CodeIgniter\CodeIgniter->run()
 5 SYSTEMPATH\Boot.php(68): CodeIgniter\Boot::runCodeIgniter(Object(CodeIgniter\CodeIgniter))
 6 FCPATH\index.php(59): CodeIgniter\Boot::bootWeb(Object(Config\Paths))
CRITICAL - 2025-08-23 01:16:30 --> ErrorException: Undefined variable $pelanggan
[Method: GET, Route: pengiriman/create]
in APPPATH\Views\pengiriman\manage.php on line 72.
 1 APPPATH\Views\pengiriman\manage.php(72): CodeIgniter\Debug\Exceptions->errorHandler(2, 'Undefined variable $pelanggan', 'E:\\laragon\\www\\PuninarLogistic\\app\\Views\\pengiriman\\manage.php', 72)
 2 SYSTEMPATH\View\View.php(226): include('E:\\laragon\\www\\PuninarLogistic\\app\\Views\\pengiriman\\manage.php')
 3 SYSTEMPATH\View\View.php(229): CodeIgniter\View\View->CodeIgniter\View\{closure}()
 4 SYSTEMPATH\Common.php(1167): CodeIgniter\View\View->render('pengiriman/manage', [], true)
 5 APPPATH\Controllers\PengirimanController.php(91): view('pengiriman/manage', [...])
 6 APPPATH\Controllers\PengirimanController.php(309): App\Controllers\PengirimanController->manage()
 7 SYSTEMPATH\CodeIgniter.php(933): App\Controllers\PengirimanController->create()
 8 SYSTEMPATH\CodeIgniter.php(507): CodeIgniter\CodeIgniter->runController(Object(App\Controllers\PengirimanController))
 9 SYSTEMPATH\CodeIgniter.php(354): CodeIgniter\CodeIgniter->handleRequest(null, Object(Config\Cache), false)
10 SYSTEMPATH\Boot.php(363): CodeIgniter\CodeIgniter->run()
11 SYSTEMPATH\Boot.php(68): CodeIgniter\Boot::runCodeIgniter(Object(CodeIgniter\CodeIgniter))
12 FCPATH\index.php(59): CodeIgniter\Boot::bootWeb(Object(Config\Paths))
CRITICAL - 2025-08-23 01:17:22 --> ErrorException: Undefined variable $pelanggan
[Method: GET, Route: pengiriman/create]
in APPPATH\Views\pengiriman\manage.php on line 72.
 1 APPPATH\Views\pengiriman\manage.php(72): CodeIgniter\Debug\Exceptions->errorHandler(2, 'Undefined variable $pelanggan', 'E:\\laragon\\www\\PuninarLogistic\\app\\Views\\pengiriman\\manage.php', 72)
 2 SYSTEMPATH\View\View.php(226): include('E:\\laragon\\www\\PuninarLogistic\\app\\Views\\pengiriman\\manage.php')
 3 SYSTEMPATH\View\View.php(229): CodeIgniter\View\View->CodeIgniter\View\{closure}()
 4 SYSTEMPATH\Common.php(1167): CodeIgniter\View\View->render('pengiriman/manage', [], true)
 5 APPPATH\Controllers\PengirimanController.php(91): view('pengiriman/manage', [...])
 6 APPPATH\Controllers\PengirimanController.php(309): App\Controllers\PengirimanController->manage()
 7 SYSTEMPATH\CodeIgniter.php(933): App\Controllers\PengirimanController->create()
 8 SYSTEMPATH\CodeIgniter.php(507): CodeIgniter\CodeIgniter->runController(Object(App\Controllers\PengirimanController))
 9 SYSTEMPATH\CodeIgniter.php(354): CodeIgniter\CodeIgniter->handleRequest(null, Object(Config\Cache), false)
10 SYSTEMPATH\Boot.php(363): CodeIgniter\CodeIgniter->run()
11 SYSTEMPATH\Boot.php(68): CodeIgniter\Boot::runCodeIgniter(Object(CodeIgniter\CodeIgniter))
12 FCPATH\index.php(59): CodeIgniter\Boot::bootWeb(Object(Config\Paths))
CRITICAL - 2025-08-23 01:20:49 --> ErrorException: Undefined variable $pelanggan
[Method: GET, Route: pengiriman/create]
in APPPATH\Views\pengiriman\manage.php on line 72.
 1 APPPATH\Views\pengiriman\manage.php(72): CodeIgniter\Debug\Exceptions->errorHandler(2, 'Undefined variable $pelanggan', 'E:\\laragon\\www\\PuninarLogistic\\app\\Views\\pengiriman\\manage.php', 72)
 2 SYSTEMPATH\View\View.php(226): include('E:\\laragon\\www\\PuninarLogistic\\app\\Views\\pengiriman\\manage.php')
 3 SYSTEMPATH\View\View.php(229): CodeIgniter\View\View->CodeIgniter\View\{closure}()
 4 SYSTEMPATH\Common.php(1167): CodeIgniter\View\View->render('pengiriman/manage', [], true)
 5 APPPATH\Controllers\PengirimanController.php(91): view('pengiriman/manage', [...])
 6 APPPATH\Controllers\PengirimanController.php(309): App\Controllers\PengirimanController->manage()
 7 SYSTEMPATH\CodeIgniter.php(933): App\Controllers\PengirimanController->create()
 8 SYSTEMPATH\CodeIgniter.php(507): CodeIgniter\CodeIgniter->runController(Object(App\Controllers\PengirimanController))
 9 SYSTEMPATH\CodeIgniter.php(354): CodeIgniter\CodeIgniter->handleRequest(null, Object(Config\Cache), false)
10 SYSTEMPATH\Boot.php(363): CodeIgniter\CodeIgniter->run()
11 SYSTEMPATH\Boot.php(68): CodeIgniter\Boot::runCodeIgniter(Object(CodeIgniter\CodeIgniter))
12 FCPATH\index.php(59): CodeIgniter\Boot::bootWeb(Object(Config\Paths))
